2024-08-17 11:27:10,392 - Agent is listening SNMP Trap on 10.10.137.120 , Port : 163
2024-08-17 11:27:10,392 - --------------------------------------------------------------------------
2024-08-17 11:27:28,732 - Received new Trap message
2024-08-17 11:27:28,733 - 1.3.6.1.2.1.1.3.0 = 2800687
2024-08-17 11:27:28,733 - 1.3.6.1.6.3.1.1.4.1.0 = 1.3.6.1.4.1.25728.8800.2.0.1
2024-08-17 11:27:28,734 - 1.3.6.1.6.3.18.1.3.0 = 10.10.29.92
2024-08-17 11:27:28,734 - 1.3.6.1.6.3.18.1.4.0 = SWITCH
2024-08-17 11:27:28,735 - 1.3.6.1.6.3.1.1.4.3.0 = 1.3.6.1.4.1.25728.8800.2
2024-08-17 11:27:28,735 - 1.3.6.1.4.1.25728.8800.2.1.0 = 1
2024-08-17 11:27:28,736 - 1.3.6.1.4.1.25728.8800.2.2.0 = 26
2024-08-17 11:27:28,736 - 1.3.6.1.4.1.25728.8800.2.3.0 = 3
2024-08-17 11:27:28,736 - 1.3.6.1.4.1.25728.8800.2.4.0 = 10
2024-08-17 11:27:28,737 - 1.3.6.1.4.1.25728.8800.2.5.0 = 20
2024-08-17 11:27:28,737 - 1.3.6.1.4.1.25728.8800.2.6.0 = temperature
2024-08-17 11:27:28,738 - ==== End of Incoming Trap ====
2024-08-17 11:27:38,738 - Received new Trap message
2024-08-17 11:27:38,738 - 1.3.6.1.2.1.1.3.0 = 2801689
2024-08-17 11:27:38,738 - 1.3.6.1.6.3.1.1.4.1.0 = 1.3.6.1.4.1.25728.8800.2.0.1
2024-08-17 11:27:38,739 - 1.3.6.1.6.3.18.1.3.0 = 10.10.29.92
2024-08-17 11:27:38,739 - 1.3.6.1.6.3.18.1.4.0 = SWITCH
2024-08-17 11:27:38,739 - 1.3.6.1.6.3.1.1.4.3.0 = 1.3.6.1.4.1.25728.8800.2
2024-08-17 11:27:38,739 - 1.3.6.1.4.1.25728.8800.2.1.0 = 1
2024-08-17 11:27:38,739 - 1.3.6.1.4.1.25728.8800.2.2.0 = 26
2024-08-17 11:27:38,739 - 1.3.6.1.4.1.25728.8800.2.3.0 = 2
2024-08-17 11:27:38,740 - 1.3.6.1.4.1.25728.8800.2.4.0 = 10
2024-08-17 11:27:38,740 - 1.3.6.1.4.1.25728.8800.2.5.0 = 45
2024-08-17 11:27:38,740 - 1.3.6.1.4.1.25728.8800.2.6.0 = temperature
2024-08-17 11:27:38,740 - ==== End of Incoming Trap ====
2024-08-17 11:28:40,251 - Received new Trap message
2024-08-17 11:28:40,251 - 1.3.6.1.2.1.1.3.0 = 2807841
2024-08-17 11:28:40,252 - 1.3.6.1.6.3.1.1.4.1.0 = 1.3.6.1.4.1.25728.8900.2.0.1
2024-08-17 11:28:40,252 - 1.3.6.1.6.3.18.1.3.0 = 10.10.29.92
2024-08-17 11:28:40,252 - 1.3.6.1.6.3.18.1.4.0 = SWITCH
2024-08-17 11:28:40,253 - 1.3.6.1.6.3.1.1.4.3.0 = 1.3.6.1.4.1.25728.8900.2
2024-08-17 11:28:40,253 - 1.3.6.1.4.1.25728.8900.2.1.0 = 5
2024-08-17 11:28:40,253 - 1.3.6.1.4.1.25728.8900.2.2.0 = 0
2024-08-17 11:28:40,253 - 1.3.6.1.4.1.25728.8900.2.6.0 = MOVEMENT DETECTOR
2024-08-17 11:28:40,253 - 1.3.6.1.4.1.25728.8900.2.7.0 = no movement
2024-08-17 11:28:40,253 - ==== End of Incoming Trap ====
2024-08-17 11:28:45,197 - Received new Trap message
2024-08-17 11:28:45,197 - 1.3.6.1.2.1.1.3.0 = 2808336
2024-08-17 11:28:45,198 - 1.3.6.1.6.3.1.1.4.1.0 = 1.3.6.1.4.1.25728.8900.2.0.1
2024-08-17 11:28:45,198 - 1.3.6.1.6.3.18.1.3.0 = 10.10.29.92
2024-08-17 11:28:45,198 - 1.3.6.1.6.3.18.1.4.0 = SWITCH
2024-08-17 11:28:45,199 - 1.3.6.1.6.3.1.1.4.3.0 = 1.3.6.1.4.1.25728.8900.2
2024-08-17 11:28:45,199 - 1.3.6.1.4.1.25728.8900.2.1.0 = 5
2024-08-17 11:28:45,199 - 1.3.6.1.4.1.25728.8900.2.2.0 = 1
2024-08-17 11:28:45,199 - 1.3.6.1.4.1.25728.8900.2.6.0 = MOVEMENT DETECTOR
2024-08-17 11:28:45,199 - 1.3.6.1.4.1.25728.8900.2.7.0 = movement
2024-08-17 11:28:45,199 - ==== End of Incoming Trap ====
2024-08-17 11:28:54,978 - Received new Trap message
2024-08-17 11:28:54,978 - 1.3.6.1.2.1.1.3.0 = 2809314
2024-08-17 11:28:54,978 - 1.3.6.1.6.3.1.1.4.1.0 = 1.3.6.1.4.1.25728.8900.2.0.1
2024-08-17 11:28:54,979 - 1.3.2024-08-17 12:40:44,356 - Received new Trap message
2024-08-17 12:40:44,369 - 1.3.6.1.2.1.1.3.0 = 3240326
2024-08-17 12:40:44,369 - 1.3.6.1.6.3.1.1.4.1.0 = 1.3.6.1.4.1.25728.8800.2.0.1
2024-08-17 12:40:44,370 - 1.3.6.1.6.3.18.1.3.0 = 10.10.29.92
2024-08-17 12:40:44,371 - 1.3.6.1.6.3.18.1.4.0 = SWITCH
2024-08-17 12:40:44,371 - 1.3.6.1.6.3.1.1.4.3.0 = 1.3.6.1.4.1.25728.8800.2
2024-08-17 12:40:44,372 - 1.3.6.1.4.1.25728.8800.2.1.0 = 1
2024-08-17 12:40:44,373 - 1.3.6.1.4.1.25728.8800.2.2.0 = 26
2024-08-17 12:40:44,373 - 1.3.6.1.4.1.25728.8800.2.3.0 = 3
2024-08-17 12:40:44,374 - 1.3.6.1.4.1.25728.8800.2.4.0 = 10
2024-08-17 12:40:44,375 - 1.3.6.1.4.1.25728.8800.2.5.0 = 20
2024-08-17 12:40:44,376 - 1.3.6.1.4.1.25728.8800.2.6.0 = temperature
2024-08-17 12:40:44,381 - ==== End of Incoming Trap ====
2024-08-17 12:41:31,350 - Received new Trap message
2024-08-17 12:41:31,350 - 1.3.6.1.2.1.1.3.0 = 3245027
2024-08-17 12:41:31,351 - 1.3.6.1.6.3.1.1.4.1.0 = 1.3.6.1.4.1.25728.8800.2.0.1
2024-08-17 12:41:31,351 - 1.3.6.1.6.3.18.1.3.0 = 10.10.29.92
2024-08-17 12:41:31,351 - 1.3.6.1.6.3.18.1.4.0 = SWITCH
2024-08-17 12:41:31,351 - 1.3.6.1.6.3.1.1.4.3.0 = 1.3.6.1.4.1.25728.8800.2
2024-08-17 12:41:31,351 - 1.3.6.1.4.1.25728.8800.2.1.0 = 1
2024-08-17 12:41:31,351 - 1.3.6.1.4.1.25728.8800.2.2.0 = 26
2024-08-17 12:41:31,351 - 1.3.6.1.4.1.25728.8800.2.3.0 = 2
2024-08-17 12:41:31,352 - 1.3.6.1.4.1.25728.8800.2.4.0 = 10
2024-08-17 12:41:31,352 - 1.3.6.1.4.1.25728.8800.2.5.0 = 45
2024-08-17 12:41:31,352 - 1.3.6.1.4.1.25728.8800.2.6.0 = temperature
2024-08-17 12:41:31,352 - ==== End of Incoming Trap ====
2024-08-17 13:11:31,612 - Received new Trap message
2024-08-17 13:11:31,613 - 1.3.6.1.2.1.1.3.0 = 3425084
2024-08-17 13:11:31,613 - 1.3.6.1.6.3.1.1.4.1.0 = 1.3.6.1.4.1.25728.8800.2.0.1
2024-08-17 13:11:31,614 - 1.3.6.1.6.3.18.1.3.0 = 10.10.29.92
2024-08-17 13:11:31,614 - 1.3.6.1.6.3.18.1.4.0 = SWITCH
2024-08-17 13:11:31,615 - 1.3.6.1.6.3.1.1.4.3.0 = 1.3.6.1.4.1.25728.8800.2
2024-08-17 13:11:31,615 - 1.3.6.1.4.1.25728.8800.2.1.0 = 1
2024-08-17 13:11:31,616 - 1.3.6.1.4.1.25728.8800.2.2.0 = 25
2024-08-17 13:11:31,616 - 1.3.6.1.4.1.25728.8800.2.3.0 = 3
2024-08-17 13:11:31,617 - 1.3.6.1.4.1.25728.8800.2.4.0 = 10
2024-08-17 13:11:31,617 - 1.3.6.1.4.1.25728.8800.2.5.0 = 20
2024-08-17 13:11:31,618 - 1.3.6.1.4.1.25728.8800.2.6.0 = temperature
2024-08-17 13:11:31,618 - ==== End of Incoming Trap ====
2024-08-17 13:12:28,554 - Received new Trap message
2024-08-17 13:12:28,555 - 1.3.6.1.2.1.1.3.0 = 3430779
2024-08-17 13:12:28,555 - 1.3.6.1.6.3.1.1.4.1.0 = 1.3.6.1.4.1.25728.8800.2.0.1
2024-08-17 13:12:28,556 - 1.3.6.1.6.3.18.1.3.0 = 10.10.29.92
2024-08-17 13:12:28,556 - 1.3.6.1.6.3.18.1.4.0 = SWITCH
2024-08-17 13:12:28,556 - 1.3.6.1.6.3.1.1.4.3.0 = 1.3.6.1.4.1.25728.8800.2
2024-08-17 13:12:28,557 - 1.3.6.1.4.1.25728.8800.2.1.0 = 1
2024-08-17 13:12:28,557 - 1.3.6.1.4.1.25728.8800.2.2.0 = 25
2024-08-17 13:12:28,558 - 1.3.6.1.4.1.25728.8800.2.3.0 = 2
2024-08-17 13:12:28,558 - 1.3.6.1.4.1.25728.8800.2.4.0 = 10
2024-08-17 13:12:28,558 - 1.3.6.1.4.1.25728.8800.2.5.0 = 45
2024-08-17 13:12:28,559 - 1.3.6.1.4.1.25728.8800.2.6.0 = temperature
2024-08-17 13:12:28,559 - ==== End of Incoming Trap ====
2024-08-17 13:16:40,124 - Received new Trap message
2024-08-17 13:16:40,125 - 1.3.6.1.2.1.1.3.0 = 3455941
2024-08-17 13:16:40,125 - 1.3.6.1.6.3.1.1.4.1.0 = 1.3.6.1.4.1.25728.8800.2.0.1
2024-08-17 13:16:40,126 - 1.3.6.1.6.3.18.1.3.0 = 10.10.29.92
2024-08-17 13:16:40,126 - 1.3.6.1.6.3.18.1.4.0 = SWITCH
2024-08-17 13:16:40,127 - 1.3.6.1.6.3.1.1.4.3.0 = 1.3.6.1.4.1.25728.8800.2
2024-08-17 13:16:40,127 - 1.3.6.1.4.1.25728.8800.2.1.0 = 1
2024-08-17 13:16:40,127 - 1.3.6.1.4.1.25728.8800.2.2.0 = 25
2024-08-17 13:16:40,128 - 1.3.6.1.4.1.25728.8800.2.3.0 = 3
2024-08-17 13:16:40,128 - 1.3.6.1.4.1.25728.8800.2.4.0 = 10
2024-08-17 13:16:40,128 - 1.3.6.1.4.1.25728.8800.2.5.0 = 20
2024-08-17 13:16:40,129 - 1.3.6.1.4.1.25728.8800.2.6.0 = temperature
2024-08-17 13:16:40,129 - ==== End of Incoming Trap ====
2024-08-17 13:17:09,457 - Received new Trap message
2024-08-17 13:17:09,458 - 1.3.6.1.2.1.1.3.0 = 3458874
2024-08-17 13:17:09,458 - 1.3.6.1.6.3.1.1.4.1.0 = 1.3.6.1.4.1.25728.8800.2.0.1
2024-08-17 13:17:09,459 - 1.3.6.1.6.3.18.1.3.0 = 10.10.29.92
2024-08-17 13:17:09,459 - 1.3.6.1.6.3.18.1.4.0 = SWITCH
2024-08-17 13:17:09,460 - 1.3.6.1.6.3.1.1.4.3.0 = 1.3.6.1.4.1.25728.8800.2
2024-08-17 13:17:09,460 - 1.3.6.1.4.1.25728.8800.2.1.0 = 1
2024-08-17 13:17:09,461 - 1.3.6.1.4.1.25728.8800.2.2.0 = 25
2024-08-17 13:17:09,461 - 1.3.6.1.4.1.25728.8800.2.3.0 = 2
2024-08-17 13:17:09,463 - 1.3.6.1.4.1.25728.8800.2.4.0 = 10
2024-08-17 13:17:09,465 - 1.3.6.1.4.1.25728.8800.2.5.0 = 45
2024-08-17 13:17:09,467 - 1.3.6.1.4.1.25728.8800.2.6.0 = temperature
2024-08-17 13:17:09,467 - ==== End of Incoming Trap ====
2024-08-17 13:18:50,545 - Received new Trap message
2024-08-17 13:18:50,546 - 1.3.6.1.2.1.1.3.0 = 3468985
2024-08-17 13:18:50,547 - 1.3.6.1.6.3.1.1.4.1.0 = 1.3.6.1.4.1.25728.8800.2.0.1
2024-08-17 13:18:50,547 - 1.3.6.1.6.3.18.1.3.0 = 10.10.29.92
2024-08-17 13:18:50,548 - 1.3.6.1.6.3.18.1.4.0 = SWITCH
2024-08-17 13:18:50,548 - 1.3.6.1.6.3.1.1.4.3.0 = 1.3.6.1.4.1.25728.8800.2
2024-08-17 13:18:50,549 - 1.3.6.1.4.1.25728.8800.2.1.0 = 1
2024-08-17 13:18:50,549 - 1.3.6.1.4.1.25728.8800.2.2.0 = 25
2024-08-17 13:18:50,550 - 1.3.6.1.4.1.25728.8800.2.3.0 = 3
2024-08-17 13:18:50,550 - 1.3.6.1.4.1.25728.8800.2.4.0 = 10
2024-08-17 13:18:50,551 - 1.3.6.1.4.1.25728.8800.2.5.0 = 20
2024-08-17 13:18:50,552 - 1.3.6.1.4.1.25728.8800.2.6.0 = temperature
2024-08-17 13:18:50,552 - ==== End of Incoming Trap ====
2024-08-17 13:23:48,686 - Received new Trap message
2024-08-17 13:23:48,688 - 1.3.6.1.2.1.1.3.0 = 3498804
2024-08-17 13:23:48,689 - 1.3.6.1.6.3.1.1.4.1.0 = 1.3.6.1.4.1.25728.8800.2.0.1
2024-08-17 13:23:48,690 - 1.3.6.1.6.3.18.1.3.0 = 10.10.29.92
2024-08-17 13:23:48,690 - 1.3.6.1.6.3.18.1.4.0 = SWITCH
2024-08-17 13:23:48,691 - 1.3.6.1.6.3.1.1.4.3.0 = 1.3.6.1.4.1.25728.8800.2
2024-08-17 13:23:48,692 - 1.3.6.1.4.1.25728.8800.2.1.0 = 1
2024-08-17 13:23:48,693 - 1.3.6.1.4.1.25728.8800.2.2.0 = 27
2024-08-17 13:23:48,693 - 1.3.6.1.4.1.25728.8800.2.3.0 = 2
2024-08-17 13:23:48,694 - 1.3.6.1.4.1.25728.8800.2.4.0 = 10
2024-08-17 13:23:48,695 - 1.3.6.1.4.1.25728.8800.2.5.0 = 45
2024-08-17 13:23:48,696 - 1.3.6.1.4.1.25728.8800.2.6.0 = temperature
2024-08-17 13:23:48,696 - ==== End of Incoming Trap ====
2024-08-17 16:46:29,138 - Received new Trap message
2024-08-17 16:46:29,138 - 1.3.6.1.2.1.1.3.0 = 4715061
2024-08-17 16:46:29,139 - 1.3.6.1.6.3.1.1.4.1.0 = 1.3.6.1.4.1.25728.8900.2.0.1
2024-08-17 16:46:29,139 - 1.3.6.1.6.3.18.1.3.0 = 10.10.29.92
2024-08-17 16:46:29,139 - 1.3.6.1.6.3.18.1.4.0 = SWITCH
2024-08-17 16:46:29,140 - 1.3.6.1.6.3.1.1.4.3.0 = 1.3.6.1.4.1.25728.8900.2
2024-08-17 16:46:29,140 - 1.3.6.1.4.1.25728.8900.2.1.0 = 5
2024-08-17 16:46:29,140 - 1.3.6.1.4.1.25728.8900.2.2.0 = 1
2024-08-17 16:46:29,140 - 1.3.6.1.4.1.25728.8900.2.6.0 = MOVEMENT DETECTOR
2024-08-17 16:46:29,141 - 1.3.6.1.4.1.25728.8900.2.7.0 = movement
2024-08-17 16:46:29,141 - ==== End of Incoming Trap ====
2024-08-17 16:46:37,520 - Received new Trap message
2024-08-17 16:46:37,520 - 1.3.6.1.2.1.1.3.0 = 4715899
2024-08-17 16:46:37,520 - 1.3.6.1.6.3.1.1.4.1.0 = 1.3.6.1.4.1.25728.8900.2.0.1
2024-08-17 16:46:37,520 - 1.3.6.1.6.3.18.1.3.0 = 10.10.29.92
2024-08-17 16:46:37,520 - 1.3.6.1.6.3.18.1.4.0 = SWITCH
2024-08-17 16:46:37,521 - 1.3.6.1.6.3.1.1.4.3.0 = 1.3.6.1.4.1.25728.8900.2
2024-08-17 16:46:37,521 - 1.3.6.1.4.1.25728.8900.2.1.0 = 5
2024-08-17 16:46:37,521 - 1.3.6.1.4.1.25728.8900.2.2.0 = 0
2024-08-17 16:46:37,521 - 1.3.6.1.4.1.25728.8900.2.6.0 = MOVEMENT DETECTOR
2024-08-17 16:46:37,521 - 1.3.6.1.4.1.25728.8900.2.7.0 = no movement
2024-08-17 16:46:37,521 - ==== End of Incoming Trap ====
2024-08-17 16:46:55,893 - Received new Trap message
2024-08-17 16:46:55,893 - 1.3.6.1.2.1.1.3.0 = 4717737
2024-08-17 16:46:55,894 - 1.3.6.1.6.3.1.1.4.1.0 = 1.3.6.1.4.1.25728.8900.2.0.1
2024-08-17 16:46:55,894 - 1.3.6.1.6.3.18.1.3.0 = 10.10.29.92
2024-08-17 16:46:55,894 - 1.3.6.1.6.3.18.1.4.0 = SWITCH
2024-08-17 16:46:55,894 - 1.3.6.1.6.3.1.1.4.3.0 = 1.3.6.1.4.1.25728.8900.2
2024-08-17 16:46:55,895 - 1.3.6.1.4.1.25728.8900.2.1.0 = 5
2024-08-17 16:46:55,895 - 1.3.6.1.4.1.25728.8900.2.2.0 = 1
2024-08-17 16:46:55,895 - 1.3.6.1.4.1.25728.8900.2.6.0 = MOVEMENT DETECTOR
2024-08-17 16:46:55,895 - 1.3.6.1.4.1.25728.8900.2.7.0 = movement
2024-08-17 16:46:55,895 - ==== End of Incoming Trap ====
2024-08-17 16:47:01,248 - Received new Trap message
2024-08-17 16:47:01,249 - 1.3.6.1.2.1.1.3.0 = 4718272
2024-08-17 16:47:01,249 - 1.3.6.1.6.3.1.1.4.1.0 = 1.3.6.1.4.1.25728.8900.2.0.1
2024-08-17 16:47:01,249 - 1.3.6.1.6.3.18.1.3.0 = 10.10.29.92
2024-08-17 16:47:01,250 - 1.3.6.1.6.3.18.1.4.0 = SWITCH
2024-08-17 16:47:01,250 - 1.3.6.1.6.3.1.1.4.3.0 = 1.3.6.1.4.1.25728.8900.2
2024-08-17 16:47:01,250 - 1.3.6.1.4.1.25728.8900.2.1.0 = 5
2024-08-17 16:47:01,251 - 1.3.6.1.4.1.25728.8900.2.2.0 = 0
2024-08-17 16:47:01,251 - 1.3.6.1.4.1.25728.8900.2.6.0 = MOVEMENT DETECTOR
2024-08-17 16:47:01,251 - 1.3.6.1.4.1.25728.8900.2.7.0 = no movement
2024-08-17 16:47:01,252 - ==== End of Incoming Trap ====
2024-08-17 19:58:51,859 - Received new Trap message
2024-08-17 19:58:51,860 - 1.3.6.1.2.1.1.3.0 = 5869533
2024-08-17 19:58:51,860 - 1.3.6.1.6.3.1.1.4.1.0 = 1.3.6.1.4.1.25728.8800.2.0.1
2024-08-17 19:58:51,860 - 1.3.6.1.6.3.18.1.3.0 = 10.10.29.92
2024-08-17 19:58:51,860 - 1.3.6.1.6.3.18.1.4.0 = SWITCH
2024-08-17 19:58:51,861 - 1.3.6.1.6.3.1.1.4.3.0 = 1.3.6.1.4.1.25728.8800.2
2024-08-17 19:58:51,861 - 1.3.6.1.4.1.25728.8800.2.1.0 = 1
2024-08-17 19:58:51,862 - 1.3.6.1.4.1.25728.8800.2.2.0 = 28
2024-08-17 19:58:51,862 - 1.3.6.1.4.1.25728.8800.2.3.0 = 3
2024-08-17 19:58:51,862 - 1.3.6.1.4.1.25728.8800.2.4.0 = 10
2024-08-17 19:58:51,863 - 1.3.6.1.4.1.25728.8800.2.5.0 = 20
2024-08-17 19:58:51,863 - 1.3.6.1.4.1.25728.8800.2.6.0 = temperature
2024-08-17 19:58:51,864 - ==== End of Incoming Trap ====
2024-08-17 20:08:09,870 - Received new Trap message
2024-08-17 20:08:09,872 - 1.3.6.1.2.1.1.3.0 = 5925344
2024-08-17 20:08:09,872 - 1.3.6.1.6.3.1.1.4.1.0 = 1.3.6.1.4.1.25728.8800.2.0.1
2024-08-17 20:08:09,873 - 1.3.6.1.6.3.18.1.3.0 = 10.10.29.92
2024-08-17 20:08:09,874 - 1.3.6.1.6.3.18.1.4.0 = SWITCH
2024-08-17 20:08:09,875 - 1.3.6.1.6.3.1.1.4.3.0 = 1.3.6.1.4.1.25728.8800.2
2024-08-17 20:08:09,876 - 1.3.6.1.4.1.25728.8800.2.1.0 = 1
2024-08-17 20:08:09,877 - 1.3.6.1.4.1.25728.8800.2.2.0 = 27
2024-08-17 20:08:09,878 - 1.3.6.1.4.1.25728.8800.2.3.0 = 2
2024-08-17 20:08:09,878 - 1.3.6.1.4.1.25728.8800.2.4.0 = 10
2024-08-17 20:08:09,878 - 1.3.6.1.4.1.25728.8800.2.5.0 = 45
2024-08-17 20:08:09,879 - 1.3.6.1.4.1.25728.8800.2.6.0 = temperature
2024-08-17 20:08:09,879 - ==== End of Incoming Trap ====
2024-08-17 20:08:21,753 - Received new Trap message
2024-08-17 20:08:21,754 - 1.3.6.1.2.1.1.3.0 = 5926532
2024-08-17 20:08:21,754 - 1.3.6.1.6.3.1.1.4.1.0 = 1.3.6.1.4.1.25728.8800.2.0.1
2024-08-17 20:08:21,755 - 1.3.6.1.6.3.18.1.3.0 = 10.10.29.92
2024-08-17 20:08:21,755 - 1.3.6.1.6.3.18.1.4.0 = SWITCH
2024-08-17 20:08:21,755 - 1.3.6.1.6.3.1.1.4.3.0 = 1.3.6.1.4.1.25728.8800.2
2024-08-17 20:08:21,756 - 1.3.6.1.4.1.25728.8800.2.1.0 = 1
2024-08-17 20:08:21,756 - 1.3.6.1.4.1.25728.8800.2.2.0 = 27
2024-08-17 20:08:21,756 - 1.3.6.1.4.1.25728.8800.2.3.0 = 3
2024-08-17 20:08:21,757 - 1.3.6.1.4.1.25728.8800.2.4.0 = 10
2024-08-17 20:08:21,757 - 1.3.6.1.4.1.25728.8800.2.5.0 = 20
2024-08-17 20:08:21,757 - 1.3.6.1.4.1.25728.8800.2.6.0 = temperature
2024-08-17 20:08:21,757 - ==== End of Incoming Trap ====
2024-08-18 01:50:38,249 - Received new Trap message
2024-08-18 01:50:38,249 - 1.3.6.1.2.1.1.3.0 = 7980538
2024-08-18 01:50:38,249 - 1.3.6.1.6.3.1.1.4.1.0 = 1.3.6.1.4.1.25728.8800.2.0.1
2024-08-18 01:50:38,249 - 1.3.6.1.6.3.18.1.3.0 = 10.10.29.92
2024-08-18 01:50:38,250 - 1.3.6.1.6.3.18.1.4.0 = SWITCH
2024-08-18 01:50:38,250 - 1.3.6.1.6.3.1.1.4.3.0 = 1.3.6.1.4.1.25728.8800.2
2024-08-18 01:50:38,250 - 1.3.6.1.4.1.25728.8800.2.1.0 = 1
2024-08-18 01:50:38,250 - 1.3.6.1.4.1.25728.8800.2.2.0 = 27
2024-08-18 01:50:38,250 - 1.3.6.1.4.1.25728.8800.2.3.0 = 2
2024-08-18 01:50:38,250 - 1.3.6.1.4.1.25728.8800.2.4.0 = 10
2024-08-18 01:50:38,250 - 1.3.6.1.4.1.25728.8800.2.5.0 = 45
2024-08-18 01:50:38,250 - 1.3.6.1.4.1.25728.8800.2.6.0 = temperature
2024-08-18 01:50:38,251 - ==== End of Incoming Trap ====
1.4.1.25728.8900.2.0.1
2024-08-17 11:33:28,051 - 1.3.6.1.6.3.18.1.3.0 = 10.10.29.92
2024-08-17 11:33:28,051 - 1.3.6.1.6.3.18.1.4.0 = SWITCH
2024-08-17 11:33:28,051 - 1.3.6.1.6.3.1.1.4.3.0 = 1.3.6.1.4.1.25728.8900.2
2024-08-17 11:33:28,051 - 1.3.6.1.4.1.25728.8900.2.1.0 = 5
2024-08-17 11:33:28,051 - 1.3.6.1.4.1.25728.8900.2.2.0 = 0
2024-08-17 11:33:28,051 - 1.3.6.1.4.1.25728.8900.2.6.0 = MOVEMENT DETECTOR
2024-08-17 11:33:28,051 - 1.3.6.1.4.1.25728.8900.2.7.0 = no movement
2024-08-17 11:33:28,052 - ==== End of Incoming Trap ====
