Received request: b'{"status":"\xd0\x9e\xd1\x82\xd0\xbc\xd0\xb5\xd0\xbd\xd0\xb5\xd0\xbd\xd0\xb0"}'
Received request: b'{"status":"\xd0\x9e\xd1\x82\xd0\xbc\xd0\xb5\xd0\xbd\xd0\xb5\xd0\xbd\xd0\xb0"}'
Received request: b'{"status":"\xd0\x92\xd1\x8b\xd0\xbf\xd0\xbe\xd0\xbb\xd0\xbd\xd0\xb5\xd0\xbd\xd0\xb0"}'
Received request: b'status=in_progress'
Received request: b'status=on_hold'
Received request: b'status=completed'
Error searching Tasks: Cannot resolve keyword 'title' into field. Choices are: assignee, assignee_id, category, category_id, completion_date, created_at, created_by, created_by_id, deadline, description, estimated_time, id, photos, priority, project, project_id, start_date, status, subcategory, subcategory_id, task_number, task_photos, team, team_id, updated_at, user_roles
Error searching Tasks: Cannot resolve keyword 'title' into field. Choices are: assignee, assignee_id, category, category_id, completion_date, created_at, created_by, created_by_id, deadline, description, estimated_time, id, photos, priority, project, project_id, start_date, status, subcategory, subcategory_id, task_number, task_photos, team, team_id, updated_at, user_roles
Error searching Tasks: Cannot resolve keyword 'title' into field. Choices are: assignee, assignee_id, category, category_id, completion_date, created_at, created_by, created_by_id, deadline, description, estimated_time, id, photos, priority, project, project_id, start_date, status, subcategory, subcategory_id, task_number, task_photos, team, team_id, updated_at, user_roles
Error searching Tasks: Cannot resolve keyword 'title' into field. Choices are: assignee, assignee_id, category, category_id, completion_date, created_at, created_by, created_by_id, deadline, description, estimated_time, id, photos, priority, project, project_id, start_date, status, subcategory, subcategory_id, task_number, task_photos, team, team_id, updated_at, user_roles
Error searching Tasks: Cannot resolve keyword 'title' into field. Choices are: assignee, assignee_id, category, category_id, completion_date, created_at, created_by, created_by_id, deadline, description, estimated_time, id, photos, priority, project, project_id, start_date, status, subcategory, subcategory_id, task_number, task_photos, team, team_id, updated_at, user_roles
Error searching Tasks: Cannot resolve keyword 'title' into field. Choices are: assignee, assignee_id, category, category_id, completion_date, created_at, created_by, created_by_id, deadline, description, estimated_time, id, photos, priority, project, project_id, start_date, status, subcategory, subcategory_id, task_number, task_photos, team, team_id, updated_at, user_roles
Error searching Tasks: Cannot resolve keyword 'title' into field. Choices are: assignee, assignee_id, category, category_id, completion_date, created_at, created_by, created_by_id, deadline, description, estimated_time, id, photos, priority, project, project_id, start_date, status, subcategory, subcategory_id, task_number, task_photos, team, team_id, updated_at, user_roles
Error searching Tasks: Cannot resolve keyword 'title' into field. Choices are: assignee, assignee_id, category, category_id, completion_date, created_at, created_by, created_by_id, deadline, description, estimated_time, id, photos, priority, project, project_id, start_date, status, subcategory, subcategory_id, task_number, task_photos, team, team_id, updated_at, user_roles
Error searching Tasks: Cannot resolve keyword 'title' into field. Choices are: assignee, assignee_id, category, category_id, completion_date, created_at, created_by, created_by_id, deadline, description, estimated_time, id, photos, priority, project, project_id, start_date, status, subcategory, subcategory_id, task_number, task_photos, team, team_id, updated_at, user_roles
Error searching Tasks: Cannot resolve keyword 'title' into field. Choices are: assignee, assignee_id, category, category_id, completion_date, created_at, created_by, created_by_id, deadline, description, estimated_time, id, photos, priority, project, project_id, start_date, status, subcategory, subcategory_id, task_number, task_photos, team, team_id, updated_at, user_roles
Error searching Tasks: Cannot resolve keyword 'title' into field. Choices are: assignee, assignee_id, category, category_id, completion_date, created_at, created_by, created_by_id, deadline, description, estimated_time, id, photos, priority, project, project_id, start_date, status, subcategory, subcategory_id, task_number, task_photos, team, team_id, updated_at, user_roles
Error searching Tasks: Cannot resolve keyword 'title' into field. Choices are: assignee, assignee_id, category, category_id, completion_date, created_at, created_by, created_by_id, deadline, description, estimated_time, id, photos, priority, project, project_id, start_date, status, subcategory, subcategory_id, task_number, task_photos, team, team_id, updated_at, user_roles
Error searching Tasks: Cannot resolve keyword 'title' into field. Choices are: assignee, assignee_id, category, category_id, completion_date, created_at, created_by, created_by_id, deadline, description, estimated_time, id, photos, priority, project, project_id, start_date, status, subcategory, subcategory_id, task_number, task_photos, team, team_id, updated_at, user_roles
Error searching Tasks: Cannot resolve keyword 'title' into field. Choices are: assignee, assignee_id, category, category_id, completion_date, created_at, created_by, created_by_id, deadline, description, estimated_time, id, photos, priority, project, project_id, start_date, status, subcategory, subcategory_id, task_number, task_photos, team, team_id, updated_at, user_roles
Error searching Tasks: Cannot resolve keyword 'title' into field. Choices are: assignee, assignee_id, category, category_id, completion_date, created_at, created_by, created_by_id, deadline, description, estimated_time, id, photos, priority, project, project_id, start_date, status, subcategory, subcategory_id, task_number, task_photos, team, team_id, updated_at, user_roles
Error searching Tasks: Cannot resolve keyword 'title' into field. Choices are: assignee, assignee_id, category, category_id, completion_date, created_at, created_by, created_by_id, deadline, description, estimated_time, id, photos, priority, project, project_id, start_date, status, subcategory, subcategory_id, task_number, task_photos, team, team_id, updated_at, user_roles
Error searching Tasks: Cannot resolve keyword 'title' into field. Choices are: assignee, assignee_id, category, category_id, completion_date, created_at, created_by, created_by_id, deadline, description, estimated_time, id, photos, priority, project, project_id, start_date, status, subcategory, subcategory_id, task_number, task_photos, team, team_id, updated_at, user_roles
Error searching Tasks: Cannot resolve keyword 'title' into field. Choices are: assignee, assignee_id, category, category_id, completion_date, created_at, created_by, created_by_id, deadline, description, estimated_time, id, photos, priority, project, project_id, start_date, status, subcategory, subcategory_id, task_number, task_photos, team, team_id, updated_at, user_roles
Error searching Tasks: Cannot resolve keyword 'title' into field. Choices are: assignee, assignee_id, category, category_id, completion_date, created_at, created_by, created_by_id, deadline, description, estimated_time, id, photos, priority, project, project_id, start_date, status, subcategory, subcategory_id, task_number, task_photos, team, team_id, updated_at, user_roles
Error searching Tasks: Cannot resolve keyword 'title' into field. Choices are: assignee, assignee_id, category, category_id, completion_date, created_at, created_by, created_by_id, deadline, description, estimated_time, id, photos, priority, project, project_id, start_date, status, subcategory, subcategory_id, task_number, task_photos, team, team_id, updated_at, user_roles
Error searching Tasks: Cannot resolve keyword 'title' into field. Choices are: assignee, assignee_id, category, category_id, completion_date, created_at, created_by, created_by_id, deadline, description, estimated_time, id, photos, priority, project, project_id, start_date, status, subcategory, subcategory_id, task_number, task_photos, team, team_id, updated_at, user_roles
Error searching Tasks: Cannot resolve keyword 'title' into field. Choices are: assignee, assignee_id, category, category_id, completion_date, created_at, created_by, created_by_id, deadline, description, estimated_time, id, photos, priority, project, project_id, start_date, status, subcategory, subcategory_id, task_number, task_photos, team, team_id, updated_at, user_roles
Error searching Tasks: Cannot resolve keyword 'title' into field. Choices are: assignee, assignee_id, category, category_id, completion_date, created_at, created_by, created_by_id, deadline, description, estimated_time, id, photos, priority, project, project_id, start_date, status, subcategory, subcategory_id, task_number, task_photos, team, team_id, updated_at, user_roles
Error searching Tasks: Cannot resolve keyword 'title' into field. Choices are: assignee, assignee_id, category, category_id, completion_date, created_at, created_by, created_by_id, deadline, description, estimated_time, id, photos, priority, project, project_id, start_date, status, subcategory, subcategory_id, task_number, task_photos, team, team_id, updated_at, user_roles
Error searching Tasks: Cannot resolve keyword 'title' into field. Choices are: assignee, assignee_id, category, category_id, completion_date, created_at, created_by, created_by_id, deadline, description, estimated_time, id, photos, priority, project, project_id, start_date, status, subcategory, subcategory_id, task_number, task_photos, team, team_id, updated_at, user_roles
Error searching Tasks: Cannot resolve keyword 'title' into field. Choices are: assignee, assignee_id, category, category_id, completion_date, created_at, created_by, created_by_id, deadline, description, estimated_time, id, photos, priority, project, project_id, start_date, status, subcategory, subcategory_id, task_number, task_photos, team, team_id, updated_at, user_roles
Error searching Tasks: Cannot resolve keyword 'title' into field. Choices are: assignee, assignee_id, category, category_id, completion_date, created_at, created_by, created_by_id, deadline, description, estimated_time, id, photos, priority, project, project_id, start_date, status, subcategory, subcategory_id, task_number, task_photos, team, team_id, updated_at, user_roles
Error searching Tasks: Cannot resolve keyword 'title' into field. Choices are: assignee, assignee_id, category, category_id, completion_date, created_at, created_by, created_by_id, deadline, description, estimated_time, id, photos, priority, project, project_id, start_date, status, subcategory, subcategory_id, task_number, task_photos, team, team_id, updated_at, user_roles
Error searching Tasks: Cannot resolve keyword 'title' into field. Choices are: assignee, assignee_id, category, category_id, completion_date, created_at, created_by, created_by_id, deadline, description, estimated_time, id, photos, priority, project, project_id, start_date, status, subcategory, subcategory_id, task_number, task_photos, team, team_id, updated_at, user_roles
Error searching Tasks: Cannot resolve keyword 'title' into field. Choices are: assignee, assignee_id, category, category_id, completion_date, created_at, created_by, created_by_id, deadline, description, estimated_time, id, photos, priority, project, project_id, start_date, status, subcategory, subcategory_id, task_number, task_photos, team, team_id, updated_at, user_roles
Error searching Tasks: Cannot resolve keyword 'title' into field. Choices are: assignee, assignee_id, category, category_id, completion_date, created_at, created_by, created_by_id, deadline, description, estimated_time, id, photos, priority, project, project_id, start_date, status, subcategory, subcategory_id, task_number, task_photos, team, team_id, updated_at, user_roles
Error searching Tasks: Cannot resolve keyword 'title' into field. Choices are: assignee, assignee_id, category, category_id, completion_date, created_at, created_by, created_by_id, deadline, description, estimated_time, id, photos, priority, project, project_id, start_date, status, subcategory, subcategory_id, task_number, task_photos, team, team_id, updated_at, user_roles
Error searching Tasks: Cannot resolve keyword 'title' into field. Choices are: assignee, assignee_id, category, category_id, completion_date, created_at, created_by, created_by_id, deadline, description, estimated_time, id, photos, priority, project, project_id, start_date, status, subcategory, subcategory_id, task_number, task_photos, team, team_id, updated_at, user_roles
Error searching Tasks: Cannot resolve keyword 'title' into field. Choices are: assignee, assignee_id, category, category_id, completion_date, created_at, created_by, created_by_id, deadline, description, estimated_time, id, photos, priority, project, project_id, start_date, status, subcategory, subcategory_id, task_number, task_photos, team, team_id, updated_at, user_roles
Error searching Tasks: Cannot resolve keyword 'title' into field. Choices are: assignee, assignee_id, category, category_id, completion_date, created_at, created_by, created_by_id, deadline, description, estimated_time, id, photos, priority, project, project_id, start_date, status, subcategory, subcategory_id, task_number, task_photos, team, team_id, updated_at, user_roles
Error searching Tasks: Cannot resolve keyword 'title' into field. Choices are: assignee, assignee_id, category, category_id, completion_date, created_at, created_by, created_by_id, deadline, description, estimated_time, id, photos, priority, project, project_id, start_date, status, subcategory, subcategory_id, task_number, task_photos, team, team_id, updated_at, user_roles
Error searching Tasks: Cannot resolve keyword 'title' into field. Choices are: assignee, assignee_id, category, category_id, completion_date, created_at, created_by, created_by_id, deadline, description, estimated_time, id, photos, priority, project, project_id, start_date, status, subcategory, subcategory_id, task_number, task_photos, team, team_id, updated_at, user_roles
Error searching Tasks: Cannot resolve keyword 'title' into field. Choices are: assignee, assignee_id, category, category_id, completion_date, created_at, created_by, created_by_id, deadline, description, estimated_time, id, photos, priority, project, project_id, start_date, status, subcategory, subcategory_id, task_number, task_photos, team, team_id, updated_at, user_roles
Error searching Tasks: Cannot resolve keyword 'title' into field. Choices are: assignee, assignee_id, category, category_id, completion_date, created_at, created_by, created_by_id, deadline, description, estimated_time, id, photos, priority, project, project_id, start_date, status, subcategory, subcategory_id, task_number, task_photos, team, team_id, updated_at, user_roles
Error searching Tasks: Cannot resolve keyword 'title' into field. Choices are: assignee, assignee_id, category, category_id, completion_date, created_at, created_by, created_by_id, deadline, description, estimated_time, id, photos, priority, project, project_id, start_date, status, subcategory, subcategory_id, task_number, task_photos, team, team_id, updated_at, user_roles
Error searching Tasks: Cannot resolve keyword 'title' into field. Choices are: assignee, assignee_id, category, category_id, completion_date, created_at, created_by, created_by_id, deadline, description, estimated_time, id, photos, priority, project, project_id, start_date, status, subcategory, subcategory_id, task_number, task_photos, team, team_id, updated_at, user_roles
Error searching Tasks: Cannot resolve keyword 'title' into field. Choices are: assignee, assignee_id, category, category_id, completion_date, created_at, created_by, created_by_id, deadline, description, estimated_time, id, photos, priority, project, project_id, start_date, status, subcategory, subcategory_id, task_number, task_photos, team, team_id, updated_at, user_roles
Error searching Tasks: Cannot resolve keyword 'title' into field. Choices are: assignee, assignee_id, category, category_id, completion_date, created_at, created_by, created_by_id, deadline, description, estimated_time, id, photos, priority, project, project_id, start_date, status, subcategory, subcategory_id, task_number, task_photos, team, team_id, updated_at, user_roles
Error searching Tasks: Cannot resolve keyword 'title' into field. Choices are: assignee, assignee_id, category, category_id, completion_date, created_at, created_by, created_by_id, deadline, description, estimated_time, id, photos, priority, project, project_id, start_date, status, subcategory, subcategory_id, task_number, task_photos, team, team_id, updated_at, user_roles
Error searching Tasks: Cannot resolve keyword 'title' into field. Choices are: assignee, assignee_id, category, category_id, completion_date, created_at, created_by, created_by_id, deadline, description, estimated_time, id, photos, priority, project, project_id, start_date, status, subcategory, subcategory_id, task_number, task_photos, team, team_id, updated_at, user_roles
Error searching Tasks: Cannot resolve keyword 'title' into field. Choices are: assignee, assignee_id, category, category_id, completion_date, created_at, created_by, created_by_id, deadline, description, estimated_time, id, photos, priority, project, project_id, start_date, status, subcategory, subcategory_id, task_number, task_photos, team, team_id, updated_at, user_roles
Error searching Tasks: Cannot resolve keyword 'title' into field. Choices are: assignee, assignee_id, category, category_id, completion_date, created_at, created_by, created_by_id, deadline, description, estimated_time, id, photos, priority, project, project_id, start_date, status, subcategory, subcategory_id, task_number, task_photos, team, team_id, updated_at, user_roles
Error searching Tasks: Cannot resolve keyword 'title' into field. Choices are: assignee, assignee_id, category, category_id, completion_date, created_at, created_by, created_by_id, deadline, description, estimated_time, id, photos, priority, project, project_id, start_date, status, subcategory, subcategory_id, task_number, task_photos, team, team_id, updated_at, user_roles
AJAX update_task_status called for task 1493
AJAX update_task_status called for task 1482
AJAX update_task_status called for task 1364
Permission granted for task 1364: User admin is superuser.
AJAX update_task_status called for task 1482
Permission granted for task 1482: User admin is superuser.
AJAX update_task_status called for task 1470
Permission granted for task 1470: User admin is superuser.
Error saving task 1470: ["Vazifa bir vaqtning o'zida foydalanuvchi va jamoaga tayinlanishi mumkin emas."]
AJAX update_task_status called for task 1
Permission granted for task 1: User admin is superuser.
Error saving task 1: ['Task cannot be assigned to both a user and a team simultaneously.']
AJAX update_task_status called for task 2
Permission granted for task 2: User admin is superuser.
Task 2 updated fields {'updated_at', 'completion_date', 'status'} by user admin.
AJAX update_task_status called for task 1
Permission granted for task 1: User admin is superuser.
AJAX update_task_status called for task 2
Permission granted for task 2: User admin is superuser.
Task 2 updated fields {'updated_at', 'completion_date', 'status'} by user admin.
AJAX update_task_status called for task 2
Permission granted for task 2: User admin is superuser.
Task 2 updated fields {'updated_at', 'completion_date', 'status'} by user admin.
AJAX update_task_status called for task 2
Permission granted for task 2: User admin is superuser.
Task 2 updated fields {'updated_at', 'completion_date', 'status'} by user admin.
AJAX update_task_status called for task 2
Permission granted for task 2: User admin is superuser.
Task 2 updated fields {'updated_at', 'status'} by user admin.
AJAX update_task_status called for task 2
Permission granted for task 2: User admin is superuser.
Task 2 updated fields {'updated_at', 'completion_date', 'status'} by user admin.
AJAX update_task_status called for task 1
Permission granted for task 1: User admin is superuser.
AJAX update_task_status called for task 1
Permission granted for task 1: User admin is superuser.
AJAX update_task_status called for task 2
Permission granted for task 2: User admin is superuser.
Task 2 updated fields {'completion_date', 'updated_at', 'status'} by user admin.
AJAX update_task_status called for task 1
Permission granted for task 1: User admin is superuser.
AJAX update_task_status called for task 1
Permission granted for task 1: User admin is superuser.
Error saving task 1: ['Задача не может быть назначена одновременно на пользователя и команду.']
